  [1m[35m (367.9ms)[0m  [1m[35mCREATE DATABASE "tunr_app_api_development" ENCODING = 'unicode'[0m
  [1m[35m (168.2ms)[0m  [1m[35mCREATE DATABASE "tunr_app_api_test" ENCODING = 'unicode'[0m
  [1m[35m (60.7ms)[0m  [1m[35mCREATE TABLE "schema_migrations" ("version" character varying NOT NULL PRIMARY KEY)[0m
  [1m[35m (11.5ms)[0m  [1m[35mCREATE TABLE "ar_internal_metadata" ("key" character varying NOT NULL PRIMARY KEY, "value" character varying, "created_at" timestamp(6) NOT NULL, "updated_at" timestamp(6) NOT NULL)[0m
  [1m[35m (1.6ms)[0m  [1m[34mSELECT pg_try_advisory_lock(1874975070089793210)[0m
  [1m[35m (2.0ms)[0m  [1m[34mSELECT "schema_migrations"."version" FROM "schema_migrations" ORDER BY "schema_migrations"."version" ASC[0m
Migrating to CreateSongs (20210226162232)
  [1m[36mTRANSACTION (0.6ms)[0m  [1m[35mBEGIN[0m
  [1m[35m (27.7ms)[0m  [1m[35mCREATE TABLE "songs" ("id" bigserial primary key, "title" character varying, "artist" character varying, "time" character varying, "created_at" timestamp(6) NOT NULL, "updated_at" timestamp(6) NOT NULL)[0m
  [1m[36mActiveRecord::SchemaMigration Create (15.6ms)[0m  [1m[32mINSERT INTO "schema_migrations" ("version") VALUES ($1) RETURNING "version"[0m  [["version", "20210226162232"]]
  [1m[36mTRANSACTION (7.0ms)[0m  [1m[35mCOMMIT[0m
  [1m[36mActiveRecord::InternalMetadata Load (1.0ms)[0m  [1m[34mSELECT "ar_internal_metadata".* FROM "ar_internal_metadata" WHERE "ar_internal_metadata"."key" = $1 LIMIT $2[0m  [["key", "environment"], ["LIMIT", 1]]
  [1m[36mTRANSACTION (0.3ms)[0m  [1m[35mBEGIN[0m
  [1m[36mActiveRecord::InternalMetadata Create (4.0ms)[0m  [1m[32mINSERT INTO "ar_internal_metadata" ("key", "value", "created_at", "updated_at") VALUES ($1, $2, $3, $4) RETURNING "key"[0m  [["key", "environment"], ["value", "development"], ["created_at", "2021-02-26 16:23:06.192840"], ["updated_at", "2021-02-26 16:23:06.192840"]]
  [1m[36mTRANSACTION (14.5ms)[0m  [1m[35mCOMMIT[0m
  [1m[35m (16.1ms)[0m  [1m[34mSELECT pg_advisory_unlock(1874975070089793210)[0m
  [1m[35m (2.5ms)[0m  [1m[34mSELECT "schema_migrations"."version" FROM "schema_migrations" ORDER BY "schema_migrations"."version" ASC[0m
Started GET "/" for ::1 at 2021-02-26 10:28:39 -0600
  [1m[35m (2.7ms)[0m  [1m[34mSELECT "schema_migrations"."version" FROM "schema_migrations" ORDER BY "schema_migrations"."version" ASC[0m
Processing by Rails::WelcomeController#index as HTML
  Rendering /Users/sean/.rbenv/versions/3.0.0/lib/ruby/gems/3.0.0/gems/railties-6.1.3/lib/rails/templates/rails/welcome/index.html.erb
  Rendered /Users/sean/.rbenv/versions/3.0.0/lib/ruby/gems/3.0.0/gems/railties-6.1.3/lib/rails/templates/rails/welcome/index.html.erb (Duration: 71.6ms | Allocations: 470)
Completed 200 OK in 258ms (Views: 92.6ms | ActiveRecord: 0.0ms | Allocations: 3965)


Started GET "/songs" for ::1 at 2021-02-26 10:28:47 -0600
Processing by SongsController#index as HTML
  [1m[36mSong Load (3.9ms)[0m  [1m[34mSELECT "songs".* FROM "songs"[0m
  ↳ app/controllers/songs_controller.rb:8:in `index'
Completed 200 OK in 25ms (Views: 10.5ms | ActiveRecord: 3.9ms | Allocations: 1418)


  [1m[35m (2.4ms)[0m  [1m[34mSELECT "schema_migrations"."version" FROM "schema_migrations" ORDER BY "schema_migrations"."version" ASC[0m
Started GET "/songs" for ::1 at 2021-02-26 10:38:36 -0600
Processing by SongsController#index as HTML
  [1m[36mSong Load (1.7ms)[0m  [1m[34mSELECT "songs".* FROM "songs"[0m
  ↳ app/controllers/songs_controller.rb:8:in `index'
Completed 200 OK in 43ms (Views: 42.5ms | ActiveRecord: 22.9ms | Allocations: 2744)


  [1m[36mTRANSACTION (0.3ms)[0m  [1m[35mBEGIN[0m
  [1m[36mSong Create (6.3ms)[0m  [1m[32mINSERT INTO "songs" ("title", "artist", "time", "created_at", "updated_at") VALUES ($1, $2, $3, $4, $5) RETURNING "id"[0m  [["title", "Umami disrupt ethical knausgaard."], ["artist", "Yolonda Wilderman"], ["time", "3:00"], ["created_at", "2021-02-26 16:38:42.444566"], ["updated_at", "2021-02-26 16:38:42.444566"]]
  [1m[36mTRANSACTION (0.6ms)[0m  [1m[35mCOMMIT[0m
  [1m[36mTRANSACTION (0.3ms)[0m  [1m[35mBEGIN[0m
  [1m[36mSong Create (0.8ms)[0m  [1m[32mINSERT INTO "songs" ("title", "artist", "time", "created_at", "updated_at") VALUES ($1, $2, $3, $4, $5) RETURNING "id"[0m  [["title", "Selfies quinoa park 3 wolf moon knausgaard listicle master."], ["artist", "Desmond Bogisich"], ["time", "3:00"], ["created_at", "2021-02-26 16:38:42.467104"], ["updated_at", "2021-02-26 16:38:42.467104"]]
  [1m[36mTRANSACTION (0.5ms)[0m  [1m[35mCOMMIT[0m
  [1m[36mTRANSACTION (2.1ms)[0m  [1m[35mBEGIN[0m
  [1m[36mSong Create (0.8ms)[0m  [1m[32mINSERT INTO "songs" ("title", "artist", "time", "created_at", "updated_at") VALUES ($1, $2, $3, $4, $5) RETURNING "id"[0m  [["title", "Offal organic fixie artisan portland brooklyn narwhal gentrify."], ["artist", "Belva Bashirian IV"], ["time", "3:00"], ["created_at", "2021-02-26 16:38:42.485011"], ["updated_at", "2021-02-26 16:38:42.485011"]]
  [1m[36mTRANSACTION (1.2ms)[0m  [1m[35mCOMMIT[0m
  [1m[36mTRANSACTION (0.3ms)[0m  [1m[35mBEGIN[0m
  [1m[36mSong Create (1.1ms)[0m  [1m[32mINSERT INTO "songs" ("title", "artist", "time", "created_at", "updated_at") VALUES ($1, $2, $3, $4, $5) RETURNING "id"[0m  [["title", "Cornhole blue bottle phlogiston."], ["artist", "Adelaida Howe Ret."], ["time", "3:00"], ["created_at", "2021-02-26 16:38:42.505018"], ["updated_at", "2021-02-26 16:38:42.505018"]]
  [1m[36mTRANSACTION (0.7ms)[0m  [1m[35mCOMMIT[0m
  [1m[36mTRANSACTION (0.3ms)[0m  [1m[35mBEGIN[0m
  [1m[36mSong Create (0.8ms)[0m  [1m[32mINSERT INTO "songs" ("title", "artist", "time", "created_at", "updated_at") VALUES ($1, $2, $3, $4, $5) RETURNING "id"[0m  [["title", "Salvia scenester farm-to-table."], ["artist", "Chante Hamill"], ["time", "3:00"], ["created_at", "2021-02-26 16:38:42.517152"], ["updated_at", "2021-02-26 16:38:42.517152"]]
  [1m[36mTRANSACTION (0.5ms)[0m  [1m[35mCOMMIT[0m
  [1m[36mTRANSACTION (0.3ms)[0m  [1m[35mBEGIN[0m
  [1m[36mSong Create (0.9ms)[0m  [1m[32mINSERT INTO "songs" ("title", "artist", "time", "created_at", "updated_at") VALUES ($1, $2, $3, $4, $5) RETURNING "id"[0m  [["title", "Forage farm-to-table iphone health banh mi tilde."], ["artist", "Bradley Volkman"], ["time", "3:00"], ["created_at", "2021-02-26 16:38:42.531936"], ["updated_at", "2021-02-26 16:38:42.531936"]]
  [1m[36mTRANSACTION (0.9ms)[0m  [1m[35mCOMMIT[0m
  [1m[36mTRANSACTION (0.4ms)[0m  [1m[35mBEGIN[0m
  [1m[36mSong Create (0.8ms)[0m  [1m[32mINSERT INTO "songs" ("title", "artist", "time", "created_at", "updated_at") VALUES ($1, $2, $3, $4, $5) RETURNING "id"[0m  [["title", "Fanny pack cred authentic tofu next level art party."], ["artist", "Antonia Gutmann"], ["time", "3:00"], ["created_at", "2021-02-26 16:38:42.543806"], ["updated_at", "2021-02-26 16:38:42.543806"]]
  [1m[36mTRANSACTION (0.6ms)[0m  [1m[35mCOMMIT[0m
  [1m[36mTRANSACTION (0.3ms)[0m  [1m[35mBEGIN[0m
  [1m[36mSong Create (2.3ms)[0m  [1m[32mINSERT INTO "songs" ("title", "artist", "time", "created_at", "updated_at") VALUES ($1, $2, $3, $4, $5) RETURNING "id"[0m  [["title", "Cleanse humblebrag kombucha single-origin coffee selfies vice street."], ["artist", "Shirlene O'Conner"], ["time", "3:00"], ["created_at", "2021-02-26 16:38:42.556103"], ["updated_at", "2021-02-26 16:38:42.556103"]]
  [1m[36mTRANSACTION (0.6ms)[0m  [1m[35mCOMMIT[0m
  [1m[36mTRANSACTION (0.3ms)[0m  [1m[35mBEGIN[0m
  [1m[36mSong Create (1.1ms)[0m  [1m[32mINSERT INTO "songs" ("title", "artist", "time", "created_at", "updated_at") VALUES ($1, $2, $3, $4, $5) RETURNING "id"[0m  [["title", "Hoodie offal lumbersexual."], ["artist", "Amb. Mckinley Kessler"], ["time", "3:00"], ["created_at", "2021-02-26 16:38:42.570547"], ["updated_at", "2021-02-26 16:38:42.570547"]]
  [1m[36mTRANSACTION (0.7ms)[0m  [1m[35mCOMMIT[0m
  [1m[36mTRANSACTION (0.3ms)[0m  [1m[35mBEGIN[0m
  [1m[36mSong Create (0.8ms)[0m  [1m[32mINSERT INTO "songs" ("title", "artist", "time", "created_at", "updated_at") VALUES ($1, $2, $3, $4, $5) RETURNING "id"[0m  [["title", "Ennui ramps mustache semiotics next level."], ["artist", "Dr. Chase Tremblay"], ["time", "3:00"], ["created_at", "2021-02-26 16:38:42.584661"], ["updated_at", "2021-02-26 16:38:42.584661"]]
  [1m[36mTRANSACTION (0.5ms)[0m  [1m[35mCOMMIT[0m
Started GET "/songs" for ::1 at 2021-02-26 10:38:46 -0600
Processing by SongsController#index as HTML
  [1m[36mSong Load (2.6ms)[0m  [1m[34mSELECT "songs".* FROM "songs"[0m
  ↳ app/controllers/songs_controller.rb:8:in `index'
Completed 200 OK in 56ms (Views: 29.7ms | ActiveRecord: 25.5ms | Allocations: 5271)


Started GET "/songs/songs" for ::1 at 2021-02-26 10:42:32 -0600
Processing by SongsController#show as HTML
  Parameters: {"id"=>"songs"}
  [1m[36mSong Load (1.1ms)[0m  [1m[34mSELECT "songs".* FROM "songs" WHERE "songs"."id" = $1 LIMIT $2[0m  [["id", nil], ["LIMIT", 1]]
  ↳ app/controllers/songs_controller.rb:44:in `set_song'
Completed 404 Not Found in 37ms (ActiveRecord: 1.7ms | Allocations: 2271)


  
ActiveRecord::RecordNotFound (Couldn't find Song with 'id'=songs):
  
app/controllers/songs_controller.rb:44:in `set_song'
Started GET "/songs" for ::1 at 2021-02-26 10:42:46 -0600
Processing by SongsController#index as HTML
  [1m[36mSong Load (1.7ms)[0m  [1m[34mSELECT "songs".* FROM "songs"[0m
  ↳ app/controllers/songs_controller.rb:8:in `index'
Completed 200 OK in 12ms (Views: 9.0ms | ActiveRecord: 1.7ms | Allocations: 1698)


Started GET "/songs" for ::1 at 2021-02-26 10:42:49 -0600
Processing by SongsController#index as HTML
  [1m[36mSong Load (1.1ms)[0m  [1m[34mSELECT "songs".* FROM "songs"[0m
  ↳ app/controllers/songs_controller.rb:8:in `index'
Completed 200 OK in 11ms (Views: 9.5ms | ActiveRecord: 1.1ms | Allocations: 1682)


Started DELETE "/songs/undefined" for ::1 at 2021-02-26 10:42:58 -0600
Processing by SongsController#destroy as HTML
  Parameters: {"id"=>"undefined"}
  [1m[36mSong Load (0.6ms)[0m  [1m[34mSELECT "songs".* FROM "songs" WHERE "songs"."id" = $1 LIMIT $2[0m  [["id", nil], ["LIMIT", 1]]
  ↳ app/controllers/songs_controller.rb:44:in `set_song'
Completed 404 Not Found in 4ms (ActiveRecord: 0.6ms | Allocations: 511)


  
ActiveRecord::RecordNotFound (Couldn't find Song with 'id'=undefined):
  
app/controllers/songs_controller.rb:44:in `set_song'
Started GET "/songs" for ::1 at 2021-02-26 10:43:26 -0600
Processing by SongsController#index as HTML
  [1m[36mSong Load (1.0ms)[0m  [1m[34mSELECT "songs".* FROM "songs"[0m
  ↳ app/controllers/songs_controller.rb:8:in `index'
Completed 200 OK in 12ms (Views: 10.7ms | ActiveRecord: 1.0ms | Allocations: 1681)


Started GET "/songs" for ::1 at 2021-02-26 10:43:31 -0600
Processing by SongsController#index as HTML
  [1m[36mSong Load (0.9ms)[0m  [1m[34mSELECT "songs".* FROM "songs"[0m
  ↳ app/controllers/songs_controller.rb:8:in `index'
Completed 200 OK in 9ms (Views: 6.7ms | ActiveRecord: 0.9ms | Allocations: 1682)


Started DELETE "/songs/2" for ::1 at 2021-02-26 10:44:00 -0600
Processing by SongsController#destroy as HTML
  Parameters: {"id"=>"2"}
  [1m[36mSong Load (1.1ms)[0m  [1m[34mSELECT "songs".* FROM "songs" WHERE "songs"."id" = $1 LIMIT $2[0m  [["id", 2], ["LIMIT", 1]]
  ↳ app/controllers/songs_controller.rb:44:in `set_song'
  [1m[36mTRANSACTION (0.3ms)[0m  [1m[35mBEGIN[0m
  ↳ app/controllers/songs_controller.rb:38:in `destroy'
  [1m[36mSong Destroy (3.8ms)[0m  [1m[31mDELETE FROM "songs" WHERE "songs"."id" = $1[0m  [["id", 2]]
  ↳ app/controllers/songs_controller.rb:38:in `destroy'
  [1m[36mTRANSACTION (0.8ms)[0m  [1m[35mCOMMIT[0m
  ↳ app/controllers/songs_controller.rb:38:in `destroy'
Completed 204 No Content in 16ms (ActiveRecord: 6.0ms | Allocations: 1952)


Started GET "/songs" for ::1 at 2021-02-26 10:44:00 -0600
Processing by SongsController#index as HTML
  [1m[36mSong Load (0.7ms)[0m  [1m[34mSELECT "songs".* FROM "songs"[0m
  ↳ app/controllers/songs_controller.rb:8:in `index'
Completed 200 OK in 8ms (Views: 6.6ms | ActiveRecord: 0.7ms | Allocations: 1579)


Started DELETE "/songs/5" for ::1 at 2021-02-26 10:44:15 -0600
Processing by SongsController#destroy as HTML
  Parameters: {"id"=>"5"}
  [1m[36mSong Load (1.2ms)[0m  [1m[34mSELECT "songs".* FROM "songs" WHERE "songs"."id" = $1 LIMIT $2[0m  [["id", 5], ["LIMIT", 1]]
  ↳ app/controllers/songs_controller.rb:44:in `set_song'
  [1m[36mTRANSACTION (0.3ms)[0m  [1m[35mBEGIN[0m
  ↳ app/controllers/songs_controller.rb:38:in `destroy'
  [1m[36mSong Destroy (0.8ms)[0m  [1m[31mDELETE FROM "songs" WHERE "songs"."id" = $1[0m  [["id", 5]]
  ↳ app/controllers/songs_controller.rb:38:in `destroy'
  [1m[36mTRANSACTION (0.7ms)[0m  [1m[35mCOMMIT[0m
  ↳ app/controllers/songs_controller.rb:38:in `destroy'
Completed 204 No Content in 15ms (ActiveRecord: 3.0ms | Allocations: 1767)


Started GET "/songs" for ::1 at 2021-02-26 10:44:15 -0600
Processing by SongsController#index as HTML
  [1m[36mSong Load (0.6ms)[0m  [1m[34mSELECT "songs".* FROM "songs"[0m
  ↳ app/controllers/songs_controller.rb:8:in `index'
Completed 200 OK in 8ms (Views: 6.6ms | ActiveRecord: 0.6ms | Allocations: 1476)


Started DELETE "/songs/10" for ::1 at 2021-02-26 10:44:23 -0600
Processing by SongsController#destroy as HTML
  Parameters: {"id"=>"10"}
  [1m[36mSong Load (0.6ms)[0m  [1m[34mSELECT "songs".* FROM "songs" WHERE "songs"."id" = $1 LIMIT $2[0m  [["id", 10], ["LIMIT", 1]]
  ↳ app/controllers/songs_controller.rb:44:in `set_song'
  [1m[36mTRANSACTION (0.5ms)[0m  [1m[35mBEGIN[0m
  ↳ app/controllers/songs_controller.rb:38:in `destroy'
  [1m[36mSong Destroy (0.8ms)[0m  [1m[31mDELETE FROM "songs" WHERE "songs"."id" = $1[0m  [["id", 10]]
  ↳ app/controllers/songs_controller.rb:38:in `destroy'
  [1m[36mTRANSACTION (0.7ms)[0m  [1m[35mCOMMIT[0m
  ↳ app/controllers/songs_controller.rb:38:in `destroy'
Completed 204 No Content in 12ms (ActiveRecord: 2.5ms | Allocations: 1766)


Started GET "/songs" for ::1 at 2021-02-26 10:44:23 -0600
Processing by SongsController#index as HTML
  [1m[36mSong Load (0.5ms)[0m  [1m[34mSELECT "songs".* FROM "songs"[0m
  ↳ app/controllers/songs_controller.rb:8:in `index'
Completed 200 OK in 7ms (Views: 5.5ms | ActiveRecord: 0.5ms | Allocations: 1373)


Started POST "/songs" for ::1 at 2021-02-26 10:45:10 -0600
Processing by SongsController#create as HTML
  Parameters: {"title"=>"Moby Dick 3", "artist"=>"Herman Melville", "time"=>"3:00", "song"=>{"title"=>"Moby Dick 3", "artist"=>"Herman Melville", "time"=>"3:00"}}
  [1m[36mTRANSACTION (0.3ms)[0m  [1m[35mBEGIN[0m
  ↳ app/controllers/songs_controller.rb:20:in `create'
  [1m[36mSong Create (3.0ms)[0m  [1m[32mINSERT INTO "songs" ("title", "artist", "time", "created_at", "updated_at") VALUES ($1, $2, $3, $4, $5) RETURNING "id"[0m  [["title", "Moby Dick 3"], ["artist", "Herman Melville"], ["time", "3:00"], ["created_at", "2021-02-26 16:45:10.840352"], ["updated_at", "2021-02-26 16:45:10.840352"]]
  ↳ app/controllers/songs_controller.rb:20:in `create'
  [1m[36mTRANSACTION (2.7ms)[0m  [1m[35mCOMMIT[0m
  ↳ app/controllers/songs_controller.rb:20:in `create'
Completed 201 Created in 18ms (Views: 2.0ms | ActiveRecord: 5.9ms | Allocations: 2399)


Started GET "/songs" for ::1 at 2021-02-26 10:45:10 -0600
Processing by SongsController#index as HTML
  [1m[36mSong Load (0.9ms)[0m  [1m[34mSELECT "songs".* FROM "songs"[0m
  ↳ app/controllers/songs_controller.rb:8:in `index'
Completed 200 OK in 12ms (Views: 10.3ms | ActiveRecord: 0.9ms | Allocations: 1475)


Started GET "/songs" for ::1 at 2021-02-26 10:47:49 -0600
Processing by SongsController#index as HTML
  [1m[36mSong Load (0.7ms)[0m  [1m[34mSELECT "songs".* FROM "songs"[0m
  ↳ app/controllers/songs_controller.rb:8:in `index'
Completed 200 OK in 7ms (Views: 5.6ms | ActiveRecord: 0.7ms | Allocations: 1475)


Started GET "/songs" for ::1 at 2021-02-26 10:47:54 -0600
Processing by SongsController#index as HTML
  [1m[36mSong Load (0.6ms)[0m  [1m[34mSELECT "songs".* FROM "songs"[0m
  ↳ app/controllers/songs_controller.rb:8:in `index'
Completed 200 OK in 7ms (Views: 5.6ms | ActiveRecord: 0.6ms | Allocations: 1475)


Started GET "/songs" for ::1 at 2021-02-26 10:47:56 -0600
Processing by SongsController#index as HTML
  [1m[36mSong Load (0.9ms)[0m  [1m[34mSELECT "songs".* FROM "songs"[0m
  ↳ app/controllers/songs_controller.rb:8:in `index'
Completed 200 OK in 7ms (Views: 6.0ms | ActiveRecord: 0.9ms | Allocations: 1475)


Started GET "/songs" for ::1 at 2021-02-26 10:48:08 -0600
Processing by SongsController#index as HTML
  [1m[36mSong Load (0.6ms)[0m  [1m[34mSELECT "songs".* FROM "songs"[0m
  ↳ app/controllers/songs_controller.rb:8:in `index'
Completed 200 OK in 12ms (Views: 11.1ms | ActiveRecord: 0.6ms | Allocations: 1476)


Started GET "/songs" for ::1 at 2021-02-26 10:48:15 -0600
Processing by SongsController#index as HTML
  [1m[36mSong Load (0.7ms)[0m  [1m[34mSELECT "songs".* FROM "songs"[0m
  ↳ app/controllers/songs_controller.rb:8:in `index'
Completed 200 OK in 9ms (Views: 7.5ms | ActiveRecord: 0.7ms | Allocations: 1475)


Started GET "/songs" for ::1 at 2021-02-26 10:54:31 -0600
Processing by SongsController#index as HTML
  [1m[36mSong Load (10.5ms)[0m  [1m[34mSELECT "songs".* FROM "songs"[0m
  ↳ app/controllers/songs_controller.rb:8:in `index'
Completed 200 OK in 86ms (Views: 85.0ms | ActiveRecord: 45.0ms | Allocations: 3551)


Started GET "/songs" for ::1 at 2021-02-26 10:54:33 -0600
Processing by SongsController#index as HTML
  [1m[36mSong Load (0.9ms)[0m  [1m[34mSELECT "songs".* FROM "songs"[0m
  ↳ app/controllers/songs_controller.rb:8:in `index'
Completed 200 OK in 10ms (Views: 8.7ms | ActiveRecord: 0.9ms | Allocations: 1476)


Started GET "/songs" for ::1 at 2021-02-26 10:55:34 -0600
Processing by SongsController#index as HTML
  [1m[36mSong Load (0.6ms)[0m  [1m[34mSELECT "songs".* FROM "songs"[0m
  ↳ app/controllers/songs_controller.rb:8:in `index'
Completed 200 OK in 7ms (Views: 5.7ms | ActiveRecord: 0.6ms | Allocations: 1475)


Started GET "/songs" for ::1 at 2021-02-26 10:55:39 -0600
Processing by SongsController#index as HTML
  [1m[36mSong Load (0.6ms)[0m  [1m[34mSELECT "songs".* FROM "songs"[0m
  ↳ app/controllers/songs_controller.rb:8:in `index'
Completed 200 OK in 7ms (Views: 6.3ms | ActiveRecord: 0.6ms | Allocations: 1476)


Started GET "/songs" for ::1 at 2021-02-26 10:55:39 -0600
Processing by SongsController#index as HTML
  [1m[36mSong Load (0.6ms)[0m  [1m[34mSELECT "songs".* FROM "songs"[0m
  ↳ app/controllers/songs_controller.rb:8:in `index'
Completed 200 OK in 7ms (Views: 6.2ms | ActiveRecord: 0.6ms | Allocations: 1475)


Started GET "/songs" for ::1 at 2021-02-26 10:55:50 -0600
Processing by SongsController#index as HTML
  [1m[36mSong Load (0.6ms)[0m  [1m[34mSELECT "songs".* FROM "songs"[0m
  ↳ app/controllers/songs_controller.rb:8:in `index'
Completed 200 OK in 7ms (Views: 5.8ms | ActiveRecord: 0.6ms | Allocations: 1475)


Started GET "/songs" for ::1 at 2021-02-26 10:55:56 -0600
Processing by SongsController#index as HTML
  [1m[36mSong Load (0.6ms)[0m  [1m[34mSELECT "songs".* FROM "songs"[0m
  ↳ app/controllers/songs_controller.rb:8:in `index'
Completed 200 OK in 8ms (Views: 6.7ms | ActiveRecord: 0.6ms | Allocations: 1475)


Started GET "/songs" for ::1 at 2021-02-26 10:55:58 -0600
Processing by SongsController#index as HTML
  [1m[36mSong Load (0.6ms)[0m  [1m[34mSELECT "songs".* FROM "songs"[0m
  ↳ app/controllers/songs_controller.rb:8:in `index'
Completed 200 OK in 8ms (Views: 6.5ms | ActiveRecord: 0.6ms | Allocations: 1475)


Started GET "/songs" for ::1 at 2021-02-26 10:57:02 -0600
Processing by SongsController#index as HTML
  [1m[36mSong Load (0.7ms)[0m  [1m[34mSELECT "songs".* FROM "songs"[0m
  ↳ app/controllers/songs_controller.rb:8:in `index'
Completed 200 OK in 8ms (Views: 6.6ms | ActiveRecord: 0.7ms | Allocations: 1475)


Started GET "/songs" for ::1 at 2021-02-26 10:57:03 -0600
Processing by SongsController#index as HTML
  [1m[36mSong Load (1.9ms)[0m  [1m[34mSELECT "songs".* FROM "songs"[0m
  ↳ app/controllers/songs_controller.rb:8:in `index'
Completed 200 OK in 9ms (Views: 6.2ms | ActiveRecord: 1.9ms | Allocations: 1475)


Started GET "/songs" for ::1 at 2021-02-26 10:57:10 -0600
Processing by SongsController#index as HTML
  [1m[36mSong Load (1.0ms)[0m  [1m[34mSELECT "songs".* FROM "songs"[0m
  ↳ app/controllers/songs_controller.rb:8:in `index'
Completed 200 OK in 10ms (Views: 9.0ms | ActiveRecord: 1.0ms | Allocations: 1475)


Started GET "/songs" for ::1 at 2021-02-26 10:57:25 -0600
Processing by SongsController#index as HTML
  [1m[36mSong Load (0.7ms)[0m  [1m[34mSELECT "songs".* FROM "songs"[0m
  ↳ app/controllers/songs_controller.rb:8:in `index'
Completed 200 OK in 9ms (Views: 7.3ms | ActiveRecord: 0.7ms | Allocations: 1475)


Started GET "/songs" for ::1 at 2021-02-26 10:59:30 -0600
Processing by SongsController#index as HTML
  [1m[36mSong Load (0.7ms)[0m  [1m[34mSELECT "songs".* FROM "songs"[0m
  ↳ app/controllers/songs_controller.rb:8:in `index'
Completed 200 OK in 10ms (Views: 8.9ms | ActiveRecord: 0.7ms | Allocations: 1475)


Started GET "/songs" for ::1 at 2021-02-26 10:59:33 -0600
Processing by SongsController#index as HTML
  [1m[36mSong Load (0.6ms)[0m  [1m[34mSELECT "songs".* FROM "songs"[0m
  ↳ app/controllers/songs_controller.rb:8:in `index'
Completed 200 OK in 11ms (Views: 9.5ms | ActiveRecord: 0.6ms | Allocations: 1475)


Started GET "/songs" for ::1 at 2021-02-26 11:00:43 -0600
Processing by SongsController#index as HTML
  [1m[36mSong Load (0.6ms)[0m  [1m[34mSELECT "songs".* FROM "songs"[0m
  ↳ app/controllers/songs_controller.rb:8:in `index'
Completed 200 OK in 9ms (Views: 7.6ms | ActiveRecord: 0.6ms | Allocations: 1475)


Started GET "/songs" for ::1 at 2021-02-26 11:00:52 -0600
Processing by SongsController#index as HTML
  [1m[36mSong Load (1.1ms)[0m  [1m[34mSELECT "songs".* FROM "songs"[0m
  ↳ app/controllers/songs_controller.rb:8:in `index'
Completed 200 OK in 9ms (Views: 7.0ms | ActiveRecord: 1.1ms | Allocations: 1475)


Started GET "/songs" for ::1 at 2021-02-26 11:01:30 -0600
Processing by SongsController#index as HTML
  [1m[36mSong Load (0.7ms)[0m  [1m[34mSELECT "songs".* FROM "songs"[0m
  ↳ app/controllers/songs_controller.rb:8:in `index'
Completed 200 OK in 7ms (Views: 5.9ms | ActiveRecord: 0.7ms | Allocations: 1475)


Started GET "/songs" for ::1 at 2021-02-26 11:03:55 -0600
Processing by SongsController#index as HTML
  [1m[36mSong Load (1.5ms)[0m  [1m[34mSELECT "songs".* FROM "songs"[0m
  ↳ app/controllers/songs_controller.rb:8:in `index'
Completed 200 OK in 197ms (Views: 185.8ms | ActiveRecord: 1.5ms | Allocations: 1475)


Started GET "/songs" for ::1 at 2021-02-26 11:04:05 -0600
Processing by SongsController#index as HTML
  [1m[36mSong Load (1.1ms)[0m  [1m[34mSELECT "songs".* FROM "songs"[0m
  ↳ app/controllers/songs_controller.rb:8:in `index'
Completed 200 OK in 8ms (Views: 6.9ms | ActiveRecord: 1.1ms | Allocations: 1475)


Started GET "/songs" for ::1 at 2021-02-26 11:04:10 -0600
Processing by SongsController#index as HTML
  [1m[36mSong Load (1.0ms)[0m  [1m[34mSELECT "songs".* FROM "songs"[0m
  ↳ app/controllers/songs_controller.rb:8:in `index'
Completed 200 OK in 12ms (Views: 10.6ms | ActiveRecord: 1.0ms | Allocations: 1476)


Started GET "/songs" for ::1 at 2021-02-26 11:04:44 -0600
Processing by SongsController#index as HTML
  [1m[36mSong Load (1.1ms)[0m  [1m[34mSELECT "songs".* FROM "songs"[0m
  ↳ app/controllers/songs_controller.rb:8:in `index'
Completed 200 OK in 13ms (Views: 10.9ms | ActiveRecord: 1.1ms | Allocations: 1475)


Started GET "/songs" for ::1 at 2021-02-26 11:05:11 -0600
Processing by SongsController#index as HTML
  [1m[36mSong Load (0.6ms)[0m  [1m[34mSELECT "songs".* FROM "songs"[0m
  ↳ app/controllers/songs_controller.rb:8:in `index'
Completed 200 OK in 9ms (Views: 8.1ms | ActiveRecord: 0.6ms | Allocations: 1475)


Started GET "/songs" for ::1 at 2021-02-26 11:05:13 -0600
Processing by SongsController#index as HTML
  [1m[36mSong Load (0.6ms)[0m  [1m[34mSELECT "songs".* FROM "songs"[0m
  ↳ app/controllers/songs_controller.rb:8:in `index'
Completed 200 OK in 12ms (Views: 11.0ms | ActiveRecord: 0.6ms | Allocations: 1475)


Started GET "/songs" for ::1 at 2021-02-26 11:05:23 -0600
Processing by SongsController#index as HTML
  [1m[36mSong Load (0.7ms)[0m  [1m[34mSELECT "songs".* FROM "songs"[0m
  ↳ app/controllers/songs_controller.rb:8:in `index'
Completed 200 OK in 12ms (Views: 10.1ms | ActiveRecord: 0.7ms | Allocations: 1476)


Started GET "/songs" for ::1 at 2021-02-26 11:11:01 -0600
Processing by SongsController#index as HTML
  [1m[36mSong Load (2.2ms)[0m  [1m[34mSELECT "songs".* FROM "songs"[0m
  ↳ app/controllers/songs_controller.rb:8:in `index'
Completed 200 OK in 211ms (Views: 202.1ms | ActiveRecord: 26.3ms | Allocations: 3549)


Started GET "/songs" for ::1 at 2021-02-26 11:15:28 -0600
Processing by SongsController#index as HTML
  [1m[36mSong Load (1.5ms)[0m  [1m[34mSELECT "songs".* FROM "songs"[0m
  ↳ app/controllers/songs_controller.rb:8:in `index'
Completed 200 OK in 19ms (Views: 12.1ms | ActiveRecord: 1.5ms | Allocations: 1475)


Started GET "/songs" for ::1 at 2021-02-26 11:16:36 -0600
Processing by SongsController#index as HTML
  [1m[36mSong Load (0.7ms)[0m  [1m[34mSELECT "songs".* FROM "songs"[0m
  ↳ app/controllers/songs_controller.rb:8:in `index'
Completed 200 OK in 8ms (Views: 6.2ms | ActiveRecord: 0.7ms | Allocations: 1475)


Started GET "/songs" for ::1 at 2021-02-26 11:16:38 -0600
Processing by SongsController#index as HTML
  [1m[36mSong Load (0.8ms)[0m  [1m[34mSELECT "songs".* FROM "songs"[0m
  ↳ app/controllers/songs_controller.rb:8:in `index'
Completed 200 OK in 7ms (Views: 6.0ms | ActiveRecord: 0.8ms | Allocations: 1475)


Started GET "/songs" for ::1 at 2021-02-26 11:16:55 -0600
Processing by SongsController#index as HTML
  [1m[36mSong Load (0.9ms)[0m  [1m[34mSELECT "songs".* FROM "songs"[0m
  ↳ app/controllers/songs_controller.rb:8:in `index'
Completed 200 OK in 11ms (Views: 9.6ms | ActiveRecord: 0.9ms | Allocations: 1475)


Started GET "/songs" for ::1 at 2021-02-26 11:17:03 -0600
Processing by SongsController#index as HTML
  [1m[36mSong Load (0.8ms)[0m  [1m[34mSELECT "songs".* FROM "songs"[0m
  ↳ app/controllers/songs_controller.rb:8:in `index'
Completed 200 OK in 12ms (Views: 10.3ms | ActiveRecord: 0.8ms | Allocations: 1475)


Started GET "/songs" for ::1 at 2021-02-26 11:18:09 -0600
Processing by SongsController#index as HTML
  [1m[36mSong Load (1.3ms)[0m  [1m[34mSELECT "songs".* FROM "songs"[0m
  ↳ app/controllers/songs_controller.rb:8:in `index'
Completed 200 OK in 13ms (Views: 11.1ms | ActiveRecord: 1.3ms | Allocations: 1475)


Started GET "/songs" for ::1 at 2021-02-26 11:18:11 -0600
Processing by SongsController#index as HTML
  [1m[36mSong Load (1.3ms)[0m  [1m[34mSELECT "songs".* FROM "songs"[0m
  ↳ app/controllers/songs_controller.rb:8:in `index'
Completed 200 OK in 12ms (Views: 9.9ms | ActiveRecord: 1.3ms | Allocations: 1475)


Started GET "/songs" for ::1 at 2021-02-26 11:18:14 -0600
Processing by SongsController#index as HTML
  [1m[36mSong Load (0.6ms)[0m  [1m[34mSELECT "songs".* FROM "songs"[0m
  ↳ app/controllers/songs_controller.rb:8:in `index'
Completed 200 OK in 9ms (Views: 8.2ms | ActiveRecord: 0.6ms | Allocations: 1475)


Started GET "/songs" for ::1 at 2021-02-26 11:18:16 -0600
Processing by SongsController#index as HTML
  [1m[36mSong Load (0.6ms)[0m  [1m[34mSELECT "songs".* FROM "songs"[0m
  ↳ app/controllers/songs_controller.rb:8:in `index'
Completed 200 OK in 10ms (Views: 9.0ms | ActiveRecord: 0.6ms | Allocations: 1475)


Started GET "/songs" for ::1 at 2021-02-26 11:18:26 -0600
Processing by SongsController#index as HTML
  [1m[36mSong Load (0.6ms)[0m  [1m[34mSELECT "songs".* FROM "songs"[0m
  ↳ app/controllers/songs_controller.rb:8:in `index'
Completed 200 OK in 17ms (Views: 13.3ms | ActiveRecord: 0.6ms | Allocations: 1475)


Started GET "/songs" for ::1 at 2021-02-26 11:20:13 -0600
Processing by SongsController#index as HTML
  [1m[36mSong Load (2.1ms)[0m  [1m[34mSELECT "songs".* FROM "songs"[0m
  ↳ app/controllers/songs_controller.rb:8:in `index'
Completed 200 OK in 38ms (Views: 28.5ms | ActiveRecord: 2.1ms | Allocations: 1475)


Started GET "/songs" for ::1 at 2021-02-26 11:21:38 -0600
Processing by SongsController#index as HTML
  [1m[36mSong Load (0.9ms)[0m  [1m[34mSELECT "songs".* FROM "songs"[0m
  ↳ app/controllers/songs_controller.rb:8:in `index'
Completed 200 OK in 13ms (Views: 11.1ms | ActiveRecord: 0.9ms | Allocations: 1475)


Started GET "/songs" for ::1 at 2021-02-26 11:21:44 -0600
Processing by SongsController#index as HTML
  [1m[36mSong Load (0.7ms)[0m  [1m[34mSELECT "songs".* FROM "songs"[0m
  ↳ app/controllers/songs_controller.rb:8:in `index'
Completed 200 OK in 10ms (Views: 8.9ms | ActiveRecord: 0.7ms | Allocations: 1475)


Started GET "/songs" for ::1 at 2021-02-26 11:21:53 -0600
Processing by SongsController#index as HTML
  [1m[36mSong Load (1.1ms)[0m  [1m[34mSELECT "songs".* FROM "songs"[0m
  ↳ app/controllers/songs_controller.rb:8:in `index'
Completed 200 OK in 59ms (Views: 56.4ms | ActiveRecord: 1.1ms | Allocations: 1476)


Started GET "/songs" for ::1 at 2021-02-26 11:21:59 -0600
Processing by SongsController#index as HTML
  [1m[36mSong Load (1.0ms)[0m  [1m[34mSELECT "songs".* FROM "songs"[0m
  ↳ app/controllers/songs_controller.rb:8:in `index'
Completed 200 OK in 13ms (Views: 11.9ms | ActiveRecord: 1.0ms | Allocations: 1476)


Started GET "/songs" for ::1 at 2021-02-26 11:27:05 -0600
Processing by SongsController#index as HTML
  [1m[36mSong Load (0.8ms)[0m  [1m[34mSELECT "songs".* FROM "songs"[0m
  ↳ app/controllers/songs_controller.rb:8:in `index'
Completed 200 OK in 9ms (Views: 7.2ms | ActiveRecord: 0.8ms | Allocations: 1475)


Started GET "/songs" for ::1 at 2021-02-26 11:27:26 -0600
Processing by SongsController#index as HTML
  [1m[36mSong Load (1.7ms)[0m  [1m[34mSELECT "songs".* FROM "songs"[0m
  ↳ app/controllers/songs_controller.rb:8:in `index'
Completed 200 OK in 22ms (Views: 19.6ms | ActiveRecord: 1.7ms | Allocations: 1475)


Started GET "/songs" for ::1 at 2021-02-26 11:27:27 -0600
Processing by SongsController#index as HTML
  [1m[36mSong Load (0.8ms)[0m  [1m[34mSELECT "songs".* FROM "songs"[0m
  ↳ app/controllers/songs_controller.rb:8:in `index'
Completed 200 OK in 11ms (Views: 10.0ms | ActiveRecord: 0.8ms | Allocations: 1476)


Started GET "/songs" for ::1 at 2021-02-26 11:28:02 -0600
Processing by SongsController#index as HTML
  [1m[36mSong Load (0.6ms)[0m  [1m[34mSELECT "songs".* FROM "songs"[0m
  ↳ app/controllers/songs_controller.rb:8:in `index'
Completed 200 OK in 10ms (Views: 7.9ms | ActiveRecord: 0.6ms | Allocations: 1475)


Started GET "/songs" for ::1 at 2021-02-26 11:28:11 -0600
Processing by SongsController#index as HTML
  [1m[36mSong Load (0.8ms)[0m  [1m[34mSELECT "songs".* FROM "songs"[0m
  ↳ app/controllers/songs_controller.rb:8:in `index'
Completed 200 OK in 12ms (Views: 10.5ms | ActiveRecord: 0.8ms | Allocations: 1475)


Started GET "/songs" for ::1 at 2021-02-26 11:28:34 -0600
Processing by SongsController#index as HTML
  [1m[36mSong Load (1.0ms)[0m  [1m[34mSELECT "songs".* FROM "songs"[0m
  ↳ app/controllers/songs_controller.rb:8:in `index'
Completed 200 OK in 10ms (Views: 8.4ms | ActiveRecord: 1.0ms | Allocations: 1475)


Started GET "/songs" for ::1 at 2021-02-26 11:28:35 -0600
Processing by SongsController#index as HTML
  [1m[36mSong Load (0.7ms)[0m  [1m[34mSELECT "songs".* FROM "songs"[0m
  ↳ app/controllers/songs_controller.rb:8:in `index'
Completed 200 OK in 8ms (Views: 6.2ms | ActiveRecord: 0.7ms | Allocations: 1475)


Started GET "/songs" for ::1 at 2021-02-26 11:28:39 -0600
Processing by SongsController#index as HTML
  [1m[36mSong Load (0.6ms)[0m  [1m[34mSELECT "songs".* FROM "songs"[0m
  ↳ app/controllers/songs_controller.rb:8:in `index'
Completed 200 OK in 7ms (Views: 6.0ms | ActiveRecord: 0.6ms | Allocations: 1475)


Started GET "/songs" for ::1 at 2021-02-26 11:28:51 -0600
Processing by SongsController#index as HTML
  [1m[36mSong Load (1.0ms)[0m  [1m[34mSELECT "songs".* FROM "songs"[0m
  ↳ app/controllers/songs_controller.rb:8:in `index'
Completed 200 OK in 10ms (Views: 8.6ms | ActiveRecord: 1.0ms | Allocations: 1475)


Started GET "/songs" for ::1 at 2021-02-26 11:28:53 -0600
Processing by SongsController#index as HTML
  [1m[36mSong Load (0.7ms)[0m  [1m[34mSELECT "songs".* FROM "songs"[0m
  ↳ app/controllers/songs_controller.rb:8:in `index'
Completed 200 OK in 9ms (Views: 8.0ms | ActiveRecord: 0.7ms | Allocations: 1475)


Started GET "/songs" for ::1 at 2021-02-26 11:28:54 -0600
Processing by SongsController#index as HTML
  [1m[36mSong Load (0.8ms)[0m  [1m[34mSELECT "songs".* FROM "songs"[0m
  ↳ app/controllers/songs_controller.rb:8:in `index'
Completed 200 OK in 10ms (Views: 8.5ms | ActiveRecord: 0.8ms | Allocations: 1475)


Started GET "/songs" for ::1 at 2021-02-26 11:29:01 -0600
Processing by SongsController#index as HTML
  [1m[36mSong Load (1.1ms)[0m  [1m[34mSELECT "songs".* FROM "songs"[0m
  ↳ app/controllers/songs_controller.rb:8:in `index'
Completed 200 OK in 10ms (Views: 8.5ms | ActiveRecord: 1.1ms | Allocations: 1475)


Started GET "/songs" for ::1 at 2021-02-26 11:29:12 -0600
Processing by SongsController#index as HTML
  [1m[36mSong Load (1.3ms)[0m  [1m[34mSELECT "songs".* FROM "songs"[0m
  ↳ app/controllers/songs_controller.rb:8:in `index'
Completed 200 OK in 14ms (Views: 11.7ms | ActiveRecord: 1.3ms | Allocations: 1475)


Started GET "/songs" for ::1 at 2021-02-26 11:29:20 -0600
Processing by SongsController#index as HTML
  [1m[36mSong Load (0.7ms)[0m  [1m[34mSELECT "songs".* FROM "songs"[0m
  ↳ app/controllers/songs_controller.rb:8:in `index'
Completed 200 OK in 11ms (Views: 9.8ms | ActiveRecord: 0.7ms | Allocations: 1475)


Started GET "/songs" for ::1 at 2021-02-26 11:30:26 -0600
Processing by SongsController#index as HTML
  [1m[36mSong Load (0.8ms)[0m  [1m[34mSELECT "songs".* FROM "songs"[0m
  ↳ app/controllers/songs_controller.rb:8:in `index'
Completed 200 OK in 9ms (Views: 7.2ms | ActiveRecord: 0.8ms | Allocations: 1475)


Started GET "/songs" for ::1 at 2021-02-26 11:30:27 -0600
Processing by SongsController#index as HTML
  [1m[36mSong Load (0.7ms)[0m  [1m[34mSELECT "songs".* FROM "songs"[0m
  ↳ app/controllers/songs_controller.rb:8:in `index'
Completed 200 OK in 10ms (Views: 9.1ms | ActiveRecord: 0.7ms | Allocations: 1475)


Started GET "/songs" for ::1 at 2021-02-26 11:30:32 -0600
Processing by SongsController#index as HTML
  [1m[36mSong Load (0.6ms)[0m  [1m[34mSELECT "songs".* FROM "songs"[0m
  ↳ app/controllers/songs_controller.rb:8:in `index'
Completed 200 OK in 8ms (Views: 6.5ms | ActiveRecord: 0.6ms | Allocations: 1475)


Started GET "/songs" for ::1 at 2021-02-26 11:30:34 -0600
Processing by SongsController#index as HTML
  [1m[36mSong Load (0.7ms)[0m  [1m[34mSELECT "songs".* FROM "songs"[0m
  ↳ app/controllers/songs_controller.rb:8:in `index'
Completed 200 OK in 7ms (Views: 5.8ms | ActiveRecord: 0.7ms | Allocations: 1475)


Started GET "/songs" for ::1 at 2021-02-26 11:32:22 -0600
Processing by SongsController#index as HTML
  [1m[36mSong Load (0.9ms)[0m  [1m[34mSELECT "songs".* FROM "songs"[0m
  ↳ app/controllers/songs_controller.rb:8:in `index'
Completed 200 OK in 9ms (Views: 7.1ms | ActiveRecord: 0.9ms | Allocations: 1475)


Started GET "/songs" for ::1 at 2021-02-26 11:32:27 -0600
Processing by SongsController#index as HTML
  [1m[36mSong Load (0.7ms)[0m  [1m[34mSELECT "songs".* FROM "songs"[0m
  ↳ app/controllers/songs_controller.rb:8:in `index'
Completed 200 OK in 42ms (Views: 7.0ms | ActiveRecord: 0.7ms | Allocations: 1476)


Started GET "/songs" for ::1 at 2021-02-26 11:35:19 -0600
Processing by SongsController#index as HTML
  [1m[36mSong Load (0.7ms)[0m  [1m[34mSELECT "songs".* FROM "songs"[0m
  ↳ app/controllers/songs_controller.rb:8:in `index'
Completed 200 OK in 8ms (Views: 6.8ms | ActiveRecord: 0.7ms | Allocations: 1476)


Started GET "/songs" for ::1 at 2021-02-26 11:36:26 -0600
Processing by SongsController#index as HTML
  [1m[36mSong Load (0.8ms)[0m  [1m[34mSELECT "songs".* FROM "songs"[0m
  ↳ app/controllers/songs_controller.rb:8:in `index'
Completed 200 OK in 10ms (Views: 8.4ms | ActiveRecord: 0.8ms | Allocations: 1475)


Started GET "/songs" for ::1 at 2021-02-26 11:36:28 -0600
Processing by SongsController#index as HTML
  [1m[36mSong Load (1.1ms)[0m  [1m[34mSELECT "songs".* FROM "songs"[0m
  ↳ app/controllers/songs_controller.rb:8:in `index'
Completed 200 OK in 10ms (Views: 8.1ms | ActiveRecord: 1.1ms | Allocations: 1475)


Started GET "/songs" for ::1 at 2021-02-26 11:37:16 -0600
Processing by SongsController#index as HTML
  [1m[36mSong Load (1.0ms)[0m  [1m[34mSELECT "songs".* FROM "songs"[0m
  ↳ app/controllers/songs_controller.rb:8:in `index'
Completed 200 OK in 8ms (Views: 6.7ms | ActiveRecord: 1.0ms | Allocations: 1476)


Started GET "/songs" for ::1 at 2021-02-26 11:37:49 -0600
Processing by SongsController#index as HTML
  [1m[36mSong Load (0.8ms)[0m  [1m[34mSELECT "songs".* FROM "songs"[0m
  ↳ app/controllers/songs_controller.rb:8:in `index'
Completed 200 OK in 9ms (Views: 7.3ms | ActiveRecord: 0.8ms | Allocations: 1475)


Started GET "/songs" for ::1 at 2021-02-26 11:37:53 -0600
Processing by SongsController#index as HTML
  [1m[36mSong Load (4.0ms)[0m  [1m[34mSELECT "songs".* FROM "songs"[0m
  ↳ app/controllers/songs_controller.rb:8:in `index'
Completed 200 OK in 15ms (Views: 9.8ms | ActiveRecord: 4.0ms | Allocations: 1475)


Started GET "/songs" for ::1 at 2021-02-26 11:38:06 -0600
Processing by SongsController#index as HTML
  [1m[36mSong Load (0.7ms)[0m  [1m[34mSELECT "songs".* FROM "songs"[0m
  ↳ app/controllers/songs_controller.rb:8:in `index'
Completed 200 OK in 7ms (Views: 6.1ms | ActiveRecord: 0.7ms | Allocations: 1475)


Started GET "/songs" for ::1 at 2021-02-26 11:38:50 -0600
Processing by SongsController#index as HTML
  [1m[36mSong Load (0.9ms)[0m  [1m[34mSELECT "songs".* FROM "songs"[0m
  ↳ app/controllers/songs_controller.rb:8:in `index'
Completed 200 OK in 11ms (Views: 10.1ms | ActiveRecord: 0.9ms | Allocations: 1475)


Started GET "/songs" for ::1 at 2021-02-26 11:38:55 -0600
Processing by SongsController#index as HTML
  [1m[36mSong Load (0.7ms)[0m  [1m[34mSELECT "songs".* FROM "songs"[0m
  ↳ app/controllers/songs_controller.rb:8:in `index'
Completed 200 OK in 9ms (Views: 7.6ms | ActiveRecord: 0.7ms | Allocations: 1475)


Started GET "/songs" for ::1 at 2021-02-26 11:39:00 -0600
Processing by SongsController#index as HTML
  [1m[36mSong Load (1.7ms)[0m  [1m[34mSELECT "songs".* FROM "songs"[0m
  ↳ app/controllers/songs_controller.rb:8:in `index'
Completed 200 OK in 10ms (Views: 7.8ms | ActiveRecord: 1.7ms | Allocations: 1475)


Started GET "/songs" for ::1 at 2021-02-26 11:39:05 -0600
Processing by SongsController#index as HTML
  [1m[36mSong Load (0.7ms)[0m  [1m[34mSELECT "songs".* FROM "songs"[0m
  ↳ app/controllers/songs_controller.rb:8:in `index'
Completed 200 OK in 10ms (Views: 8.3ms | ActiveRecord: 0.7ms | Allocations: 1475)


Started DELETE "/songs/3" for ::1 at 2021-02-26 11:39:54 -0600
Processing by SongsController#destroy as HTML
  Parameters: {"id"=>"3"}
  [1m[36mSong Load (2.7ms)[0m  [1m[34mSELECT "songs".* FROM "songs" WHERE "songs"."id" = $1 LIMIT $2[0m  [["id", 3], ["LIMIT", 1]]
  ↳ app/controllers/songs_controller.rb:44:in `set_song'
  [1m[36mTRANSACTION (0.6ms)[0m  [1m[35mBEGIN[0m
  ↳ app/controllers/songs_controller.rb:38:in `destroy'
  [1m[36mSong Destroy (2.3ms)[0m  [1m[31mDELETE FROM "songs" WHERE "songs"."id" = $1[0m  [["id", 3]]
  ↳ app/controllers/songs_controller.rb:38:in `destroy'
  [1m[36mTRANSACTION (1.3ms)[0m  [1m[35mCOMMIT[0m
  ↳ app/controllers/songs_controller.rb:38:in `destroy'
Completed 204 No Content in 26ms (ActiveRecord: 7.7ms | Allocations: 1791)


Started GET "/songs" for ::1 at 2021-02-26 11:39:54 -0600
Processing by SongsController#index as HTML
  [1m[36mSong Load (1.9ms)[0m  [1m[34mSELECT "songs".* FROM "songs"[0m
  ↳ app/controllers/songs_controller.rb:8:in `index'
Completed 200 OK in 8ms (Views: 5.9ms | ActiveRecord: 1.9ms | Allocations: 1372)


